2017-12-31 18:16:35.163  INFO 67152 --- [restartedMain] top.hi2018.web.WebApplication            : Starting WebApplication on DESKTOP-ITPGICS with PID 67152 (C:\Users\z8235\IdeaProjects\web\target\classes started by z8235 in C:\Users\z8235\IdeaProjects\web)
2017-12-31 18:16:35.165  INFO 67152 --- [restartedMain] top.hi2018.web.WebApplication            : No active profile set, falling back to default profiles: default
2017-12-31 18:16:35.821  INFO 67152 --- [restartedMain] ationConfigEmbeddedWebApplicationContext : Refreshing org.springframework.boot.context.embedded.AnnotationConfigEmbeddedWebApplicationContext@7beabce0: startup date [Sun Dec 31 18:16:35 CST 2017]; root of context hierarchy
2017-12-31 18:16:39.074  INFO 67152 --- [restartedMain] s.b.c.e.t.TomcatEmbeddedServletContainer : Tomcat initialized with port(s): 8081 (http)
2017-12-31 18:16:39.104  INFO 67152 --- [restartedMain] o.apache.catalina.core.StandardService   : Starting service [Tomcat]
2017-12-31 18:16:39.106  INFO 67152 --- [restartedMain] org.apache.catalina.core.StandardEngine  : Starting Servlet Engine: Apache Tomcat/8.5.23
2017-12-31 18:16:39.131  WARN 67152 --- [localhost-startStop-1] o.apache.catalina.core.StandardContext   : Failed to create work directory [H:\springboot-tomcat-tmp\work\Tomcat\localhost\ROOT] for context []
2017-12-31 18:16:39.249  INFO 67152 --- [localhost-startStop-1] o.a.c.c.C.[Tomcat].[localhost].[/]       : Initializing Spring embedded WebApplicationContext
2017-12-31 18:16:39.251  INFO 67152 --- [localhost-startStop-1] o.s.web.context.ContextLoader            : Root WebApplicationContext: initialization completed in 3476 ms
2017-12-31 18:16:39.515  INFO 67152 --- [localhost-startStop-1] o.s.b.w.servlet.ServletRegistrationBean  : Mapping servlet: 'dispatcherServlet' to [/]
2017-12-31 18:16:39.520  INFO 67152 --- [localhost-startStop-1] o.s.b.w.servlet.FilterRegistrationBean   : Mapping filter: 'characterEncodingFilter' to: [/*]
2017-12-31 18:16:39.521  INFO 67152 --- [localhost-startStop-1] o.s.b.w.servlet.FilterRegistrationBean   : Mapping filter: 'hiddenHttpMethodFilter' to: [/*]
2017-12-31 18:16:39.524  INFO 67152 --- [localhost-startStop-1] o.s.b.w.servlet.FilterRegistrationBean   : Mapping filter: 'httpPutFormContentFilter' to: [/*]
2017-12-31 18:16:39.524  INFO 67152 --- [localhost-startStop-1] o.s.b.w.servlet.FilterRegistrationBean   : Mapping filter: 'requestContextFilter' to: [/*]
2017-12-31 18:16:40.112  INFO 67152 --- [restartedMain] s.w.s.m.m.a.RequestMappingHandlerAdapter : Looking for @ControllerAdvice: org.springframework.boot.context.embedded.AnnotationConfigEmbeddedWebApplicationContext@7beabce0: startup date [Sun Dec 31 18:16:35 CST 2017]; root of context hierarchy
2017-12-31 18:16:40.219  INFO 67152 --- [restartedMain] s.w.s.m.m.a.RequestMappingHandlerMapping : Mapped "{[/]}" onto public java.lang.String top.hi2018.web.controller.Home.hello()
2017-12-31 18:16:40.231  INFO 67152 --- [restartedMain] s.w.s.m.m.a.RequestMappingHandlerMapping : Mapped "{[/error]}" onto public org.springframework.http.ResponseEntity<java.util.Map<java.lang.String, java.lang.Object>> org.springframework.boot.autoconfigure.web.BasicErrorController.error(javax.servlet.http.HttpServletRequest)
2017-12-31 18:16:40.231  INFO 67152 --- [restartedMain] s.w.s.m.m.a.RequestMappingHandlerMapping : Mapped "{[/error],produces=[text/html]}" onto public org.springframework.web.servlet.ModelAndView org.springframework.boot.autoconfigure.web.BasicErrorController.errorHtml(javax.servlet.http.HttpServletRequest,javax.servlet.http.HttpServletResponse)
2017-12-31 18:16:40.288  INFO 67152 --- [restartedMain] o.s.w.s.handler.SimpleUrlHandlerMapping  : Mapped URL path [/webjars/**] onto handler of type [class org.springframework.web.servlet.resource.ResourceHttpRequestHandler]
2017-12-31 18:16:40.288  INFO 67152 --- [restartedMain] o.s.w.s.handler.SimpleUrlHandlerMapping  : Mapped URL path [/**] onto handler of type [class org.springframework.web.servlet.resource.ResourceHttpRequestHandler]
2017-12-31 18:16:40.396  INFO 67152 --- [restartedMain] o.s.w.s.handler.SimpleUrlHandlerMapping  : Mapped URL path [/**/favicon.ico] onto handler of type [class org.springframework.web.servlet.resource.ResourceHttpRequestHandler]
2017-12-31 18:16:41.101  INFO 67152 --- [restartedMain] o.s.b.d.a.OptionalLiveReloadServer       : LiveReload server is running on port 35729
2017-12-31 18:16:41.185  INFO 67152 --- [restartedMain] o.s.j.e.a.AnnotationMBeanExporter        : Registering beans for JMX exposure on startup
2017-12-31 18:16:41.272  INFO 67152 --- [restartedMain] s.b.c.e.t.TomcatEmbeddedServletContainer : Tomcat started on port(s): 8081 (http)
2017-12-31 18:16:41.279  INFO 67152 --- [restartedMain] top.hi2018.web.WebApplication            : Started WebApplication in 7.033 seconds (JVM running for 9.694)
2017-12-31 18:17:00.945  INFO 67152 --- [http-nio-8081-exec-1] o.a.c.c.C.[Tomcat].[localhost].[/]       : Initializing Spring FrameworkServlet 'dispatcherServlet'
2017-12-31 18:17:00.946  INFO 67152 --- [http-nio-8081-exec-1] o.s.web.servlet.DispatcherServlet        : FrameworkServlet 'dispatcherServlet': initialization started
2017-12-31 18:17:00.972  INFO 67152 --- [http-nio-8081-exec-1] o.s.web.servlet.DispatcherServlet        : FrameworkServlet 'dispatcherServlet': initialization completed in 26 ms
